mode: set
github.com/stavagg/petGoApi/cmd/api/main.go:19.13,28.16 4 0
github.com/stavagg/petGoApi/cmd/api/main.go:28.16,30.3 1 0
github.com/stavagg/petGoApi/cmd/api/main.go:33.2,33.54 1 0
github.com/stavagg/petGoApi/cmd/api/main.go:33.54,35.3 1 0
github.com/stavagg/petGoApi/cmd/api/main.go:38.2,46.29 5 0
github.com/stavagg/petGoApi/cmd/api/main.go:46.29,50.36 4 0
github.com/stavagg/petGoApi/cmd/api/main.go:50.36,53.4 2 0
github.com/stavagg/petGoApi/cmd/api/main.go:54.3,54.11 1 0
github.com/stavagg/petGoApi/cmd/api/main.go:58.2,58.34 1 0
github.com/stavagg/petGoApi/cmd/api/main.go:58.34,73.3 1 0
github.com/stavagg/petGoApi/cmd/api/main.go:75.2,75.40 1 0
github.com/stavagg/petGoApi/cmd/api/main.go:75.40,77.3 1 0
github.com/stavagg/petGoApi/cmd/api/main.go:80.2,81.2 2 0
github.com/stavagg/petGoApi/cmd/api/main.go:81.2,84.3 2 0
github.com/stavagg/petGoApi/cmd/api/main.go:84.3,92.4 7 0
github.com/stavagg/petGoApi/cmd/api/main.go:95.2,98.28 4 0
github.com/stavagg/petGoApi/internal/config/config.go:14.21,23.2 1 0
github.com/stavagg/petGoApi/internal/config/config.go:25.44,26.48 1 0
github.com/stavagg/petGoApi/internal/config/config.go:26.48,28.3 1 0
github.com/stavagg/petGoApi/internal/config/config.go:29.2,29.19 1 0
github.com/stavagg/petGoApi/internal/repository/todo.go:23.53,25.2 1 0
github.com/stavagg/petGoApi/internal/repository/todo.go:28.57,30.2 1 0
github.com/stavagg/petGoApi/internal/repository/todo.go:33.57,37.2 3 0
github.com/stavagg/petGoApi/internal/repository/todo.go:40.64,43.16 3 0
github.com/stavagg/petGoApi/internal/repository/todo.go:43.16,45.3 1 0
github.com/stavagg/petGoApi/internal/repository/todo.go:46.2,46.19 1 0
github.com/stavagg/petGoApi/internal/repository/todo.go:50.57,52.2 1 0
github.com/stavagg/petGoApi/internal/repository/todo.go:55.48,57.2 1 0
github.com/stavagg/petGoApi/internal/repository/todo.go:60.79,64.2 3 0
github.com/stavagg/petGoApi/internal/repository/mocks/todo_repository_mock.go:13.61,16.2 2 0
github.com/stavagg/petGoApi/internal/repository/mocks/todo_repository_mock.go:18.61,21.2 2 0
github.com/stavagg/petGoApi/internal/repository/mocks/todo_repository_mock.go:23.68,26.2 2 0
github.com/stavagg/petGoApi/internal/repository/mocks/todo_repository_mock.go:28.61,31.2 2 0
github.com/stavagg/petGoApi/internal/repository/mocks/todo_repository_mock.go:33.52,36.2 2 0
github.com/stavagg/petGoApi/internal/repository/mocks/todo_repository_mock.go:38.83,41.2 2 0
github.com/stavagg/petGoApi/internal/service/mocks/todo_service_mock.go:12.88,15.2 2 0
github.com/stavagg/petGoApi/internal/service/mocks/todo_service_mock.go:17.63,20.2 2 0
github.com/stavagg/petGoApi/internal/service/mocks/todo_service_mock.go:22.69,25.2 2 0
github.com/stavagg/petGoApi/internal/service/mocks/todo_service_mock.go:27.97,30.2 2 0
github.com/stavagg/petGoApi/internal/service/mocks/todo_service_mock.go:32.53,35.2 2 0
github.com/stavagg/petGoApi/internal/service/mocks/todo_service_mock.go:37.85,40.2 2 0
github.com/stavagg/petGoApi/internal/service/mocks/todo_service_mock.go:42.70,45.2 2 0
github.com/stavagg/petGoApi/internal/service/mocks/todo_service_mock.go:47.68,50.2 2 0
github.com/stavagg/petGoApi/internal/service/mocks/todo_service_mock.go:54.52,57.2 2 0
github.com/stavagg/petGoApi/internal/service/mocks/todo_service_mock.go:59.51,62.2 2 0
github.com/stavagg/petGoApi/internal/handler/todo.go:17.72,19.2 1 1
github.com/stavagg/petGoApi/internal/handler/todo.go:22.50,24.47 2 1
github.com/stavagg/petGoApi/internal/handler/todo.go:24.47,27.3 2 0
github.com/stavagg/petGoApi/internal/handler/todo.go:29.2,30.16 2 1
github.com/stavagg/petGoApi/internal/handler/todo.go:30.16,33.3 2 0
github.com/stavagg/petGoApi/internal/handler/todo.go:35.2,38.4 1 1
github.com/stavagg/petGoApi/internal/handler/todo.go:42.51,48.21 4 1
github.com/stavagg/petGoApi/internal/handler/todo.go:48.21,50.22 2 0
github.com/stavagg/petGoApi/internal/handler/todo.go:50.22,53.4 2 0
github.com/stavagg/petGoApi/internal/handler/todo.go:54.3,54.58 1 0
github.com/stavagg/petGoApi/internal/handler/todo.go:55.8,57.3 1 1
github.com/stavagg/petGoApi/internal/handler/todo.go:59.2,59.16 1 1
github.com/stavagg/petGoApi/internal/handler/todo.go:59.16,62.3 2 0
github.com/stavagg/petGoApi/internal/handler/todo.go:64.2,68.4 1 1
github.com/stavagg/petGoApi/internal/handler/todo.go:72.51,74.16 2 0
github.com/stavagg/petGoApi/internal/handler/todo.go:74.16,77.3 2 0
github.com/stavagg/petGoApi/internal/handler/todo.go:79.2,80.16 2 0
github.com/stavagg/petGoApi/internal/handler/todo.go:80.16,83.3 2 0
github.com/stavagg/petGoApi/internal/handler/todo.go:85.2,88.4 1 0
github.com/stavagg/petGoApi/internal/handler/todo.go:92.50,94.16 2 0
github.com/stavagg/petGoApi/internal/handler/todo.go:94.16,97.3 2 0
github.com/stavagg/petGoApi/internal/handler/todo.go:99.2,100.47 2 0
github.com/stavagg/petGoApi/internal/handler/todo.go:100.47,103.3 2 0
github.com/stavagg/petGoApi/internal/handler/todo.go:105.2,106.16 2 0
github.com/stavagg/petGoApi/internal/handler/todo.go:106.16,109.3 2 0
github.com/stavagg/petGoApi/internal/handler/todo.go:111.2,114.4 1 0
github.com/stavagg/petGoApi/internal/handler/todo.go:118.50,120.16 2 0
github.com/stavagg/petGoApi/internal/handler/todo.go:120.16,123.3 2 0
github.com/stavagg/petGoApi/internal/handler/todo.go:125.2,126.16 2 0
github.com/stavagg/petGoApi/internal/handler/todo.go:126.16,129.3 2 0
github.com/stavagg/petGoApi/internal/handler/todo.go:131.2,133.4 1 0
github.com/stavagg/petGoApi/internal/handler/todo.go:137.48,139.16 2 0
github.com/stavagg/petGoApi/internal/handler/todo.go:139.16,142.3 2 0
github.com/stavagg/petGoApi/internal/handler/todo.go:144.2,147.4 1 0
github.com/stavagg/petGoApi/internal/handler/todo.go:151.50,153.16 2 0
github.com/stavagg/petGoApi/internal/handler/todo.go:153.16,156.3 2 0
github.com/stavagg/petGoApi/internal/handler/todo.go:158.2,159.16 2 0
github.com/stavagg/petGoApi/internal/handler/todo.go:159.16,162.3 2 0
github.com/stavagg/petGoApi/internal/handler/todo.go:164.2,167.4 1 0
github.com/stavagg/petGoApi/internal/service/todo.go:29.75,31.2 1 1
github.com/stavagg/petGoApi/internal/service/todo.go:34.84,36.21 1 1
github.com/stavagg/petGoApi/internal/service/todo.go:36.21,38.3 1 1
github.com/stavagg/petGoApi/internal/service/todo.go:40.2,40.26 1 1
github.com/stavagg/petGoApi/internal/service/todo.go:40.26,42.3 1 0
github.com/stavagg/petGoApi/internal/service/todo.go:44.2,44.33 1 1
github.com/stavagg/petGoApi/internal/service/todo.go:44.33,46.3 1 0
github.com/stavagg/petGoApi/internal/service/todo.go:49.2,57.16 3 1
github.com/stavagg/petGoApi/internal/service/todo.go:57.16,59.3 1 1
github.com/stavagg/petGoApi/internal/service/todo.go:61.2,61.18 1 1
github.com/stavagg/petGoApi/internal/service/todo.go:65.59,67.16 2 1
github.com/stavagg/petGoApi/internal/service/todo.go:67.16,69.3 1 0
github.com/stavagg/petGoApi/internal/service/todo.go:70.2,70.19 1 1
github.com/stavagg/petGoApi/internal/service/todo.go:74.65,75.13 1 1
github.com/stavagg/petGoApi/internal/service/todo.go:75.13,77.3 1 0
github.com/stavagg/petGoApi/internal/service/todo.go:79.2,80.16 2 1
github.com/stavagg/petGoApi/internal/service/todo.go:80.16,82.3 1 1
github.com/stavagg/petGoApi/internal/service/todo.go:83.2,83.18 1 0
github.com/stavagg/petGoApi/internal/service/todo.go:87.93,90.16 2 1
github.com/stavagg/petGoApi/internal/service/todo.go:90.16,92.3 1 0
github.com/stavagg/petGoApi/internal/service/todo.go:95.2,95.21 1 1
github.com/stavagg/petGoApi/internal/service/todo.go:95.21,96.27 1 1
github.com/stavagg/petGoApi/internal/service/todo.go:96.27,98.4 1 0
github.com/stavagg/petGoApi/internal/service/todo.go:99.3,99.25 1 1
github.com/stavagg/petGoApi/internal/service/todo.go:102.2,102.27 1 1
github.com/stavagg/petGoApi/internal/service/todo.go:102.27,103.34 1 1
github.com/stavagg/petGoApi/internal/service/todo.go:103.34,105.4 1 0
github.com/stavagg/petGoApi/internal/service/todo.go:106.3,106.37 1 1
github.com/stavagg/petGoApi/internal/service/todo.go:109.2,109.26 1 1
github.com/stavagg/petGoApi/internal/service/todo.go:109.26,111.3 1 1
github.com/stavagg/petGoApi/internal/service/todo.go:114.2,115.16 2 1
github.com/stavagg/petGoApi/internal/service/todo.go:115.16,117.3 1 0
github.com/stavagg/petGoApi/internal/service/todo.go:119.2,119.18 1 1
github.com/stavagg/petGoApi/internal/service/todo.go:123.49,124.13 1 1
github.com/stavagg/petGoApi/internal/service/todo.go:124.13,126.3 1 0
github.com/stavagg/petGoApi/internal/service/todo.go:129.2,130.16 2 1
github.com/stavagg/petGoApi/internal/service/todo.go:130.16,132.3 1 0
github.com/stavagg/petGoApi/internal/service/todo.go:135.2,136.16 2 1
github.com/stavagg/petGoApi/internal/service/todo.go:136.16,138.3 1 0
github.com/stavagg/petGoApi/internal/service/todo.go:140.2,140.12 1 1
github.com/stavagg/petGoApi/internal/service/todo.go:144.81,146.16 2 0
github.com/stavagg/petGoApi/internal/service/todo.go:146.16,148.3 1 0
github.com/stavagg/petGoApi/internal/service/todo.go:149.2,149.19 1 0
github.com/stavagg/petGoApi/internal/service/todo.go:153.66,155.16 2 1
github.com/stavagg/petGoApi/internal/service/todo.go:155.16,157.3 1 0
github.com/stavagg/petGoApi/internal/service/todo.go:159.2,162.32 3 1
github.com/stavagg/petGoApi/internal/service/todo.go:162.32,163.21 1 1
github.com/stavagg/petGoApi/internal/service/todo.go:163.21,165.4 1 1
github.com/stavagg/petGoApi/internal/service/todo.go:165.9,167.4 1 1
github.com/stavagg/petGoApi/internal/service/todo.go:170.2,171.23 2 1
github.com/stavagg/petGoApi/internal/service/todo.go:171.23,173.3 1 1
github.com/stavagg/petGoApi/internal/service/todo.go:175.2,182.19 2 1
github.com/stavagg/petGoApi/internal/service/todo.go:186.64,188.16 2 0
github.com/stavagg/petGoApi/internal/service/todo.go:188.16,190.3 1 0
github.com/stavagg/petGoApi/internal/service/todo.go:193.2,196.16 3 0
github.com/stavagg/petGoApi/internal/service/todo.go:196.16,198.3 1 0
github.com/stavagg/petGoApi/internal/service/todo.go:200.2,200.18 1 0
github.com/stavagg/petGoApi/internal/service/todo.go:204.48,206.16 2 0
github.com/stavagg/petGoApi/internal/service/todo.go:206.16,208.3 1 0
github.com/stavagg/petGoApi/internal/service/todo.go:210.2,210.29 1 0
github.com/stavagg/petGoApi/internal/service/todo.go:210.29,213.17 3 0
github.com/stavagg/petGoApi/internal/service/todo.go:213.17,215.4 1 0
github.com/stavagg/petGoApi/internal/service/todo.go:218.2,218.12 1 0
github.com/stavagg/petGoApi/internal/service/todo.go:222.47,224.16 2 0
github.com/stavagg/petGoApi/internal/service/todo.go:224.16,226.3 1 0
github.com/stavagg/petGoApi/internal/service/todo.go:228.2,228.38 1 0
github.com/stavagg/petGoApi/internal/service/todo.go:228.38,230.17 2 0
github.com/stavagg/petGoApi/internal/service/todo.go:230.17,232.4 1 0
github.com/stavagg/petGoApi/internal/service/todo.go:235.2,235.12 1 0
